2024-06-13 12:19:19,834 Scraping content from https://www.nytimes.com
2024-06-13 12:19:23,101 Scraping content from https://www.bbc.com
2024-06-13 12:19:26,065 Scraping content from https://www.cnn.com
2024-06-13 12:19:29,371 Scraping content from https://www.forbes.com
2024-06-13 12:19:32,258 Scraping content from https://www.theguardian.com
2024-06-13 12:19:35,786 Scraping content from https://www.washingtonpost.com
2024-06-13 12:19:38,761 Scraping content from https://www.nationalgeographic.com
2024-06-13 12:19:41,494 Scraping content from https://www.bloomberg.com
2024-06-13 12:19:44,732 Scraping content from https://www.wsj.com
2024-06-13 12:19:45,303 Error scraping https://www.wsj.com: 401 Client Error: HTTP Forbidden for url: https://www.wsj.com/
2024-06-13 12:19:47,307 Scraping content from https://www.reuters.com
2024-06-13 12:19:47,897 Error scraping https://www.reuters.com: 401 Client Error: HTTP Forbidden for url: https://www.reuters.com/
2024-06-13 12:19:49,902 Scraping content from https://www.economist.com
2024-06-13 12:19:53,193 Scraping content from https://www.techcrunch.com
2024-06-13 12:19:56,593 Scraping content from https://www.wired.com
2024-06-13 12:19:59,505 Scraping content from https://www.businessinsider.com
2024-06-13 12:20:02,415 Scraping content from https://www.vox.com
2024-06-13 12:20:05,323 Scraping content from https://www.npr.org
2024-06-13 12:20:08,289 Scraping content from https://www.pbs.org
2024-06-13 12:20:10,995 Scraping content from https://www.smithsonianmag.com
2024-06-13 12:20:13,690 Scraping content from https://www.huffpost.com
2024-06-13 12:20:16,536 Scraping content from https://www.apnews.com
2024-06-13 12:20:19,547 Scraping content from https://www.nbcnews.com
2024-06-13 12:20:22,974 Scraping content from https://www.cbsnews.com
2024-06-13 12:20:25,967 Scraping content from https://www.abcnews.go.com
2024-06-13 12:20:29,371 Scraping content from https://www.buzzfeed.com
2024-06-13 12:20:32,320 Scraping content from https://www.medium.com
2024-06-13 12:20:35,610 Scraping content from https://www.quora.com
2024-06-13 12:20:38,468 Scraping content from https://www.stackoverflow.com
2024-06-13 12:20:41,819 Scraping content from https://www.github.com
2024-06-13 12:20:45,234 Scraping content from https://www.gitlab.com
2024-06-13 12:20:49,589 Scraping content from https://www.wikipedia.org
2024-06-13 12:20:52,307 Scraping content from https://www.instructables.com
2024-06-13 12:20:55,091 Scraping content from https://www.wikihow.com
2024-06-13 12:20:58,481 Scraping content from https://www.healthline.com
2024-06-13 12:21:01,607 Scraping content from https://www.webmd.com
2024-06-13 12:21:05,028 Scraping content from https://www.mayoclinic.org
2024-06-13 12:21:08,741 Scraping content from https://www.cdc.gov
2024-06-13 12:21:11,576 Scraping content from https://www.who.int
2024-06-13 12:21:14,423 Scraping content from https://www.nih.gov
2024-06-13 12:21:17,312 Scraping content from https://www.medicalnewstoday.com
2024-06-13 12:21:20,184 Scraping content from https://www.sciencedaily.com
2024-06-13 12:21:23,063 Scraping content from https://www.livescience.com
2024-06-13 12:21:25,938 Scraping content from https://www.scientificamerican.com
2024-06-13 12:21:28,727 Scraping content from https://www.nature.com
2024-06-13 12:21:33,061 Scraping content from https://www.pnas.org
2024-06-13 12:21:33,763 Error scraping https://www.pnas.org: 403 Client Error: Forbidden for url: https://www.pnas.org/
2024-06-13 12:21:35,773 Scraping content from https://www.jstor.org
2024-06-13 12:21:38,558 Scraping content from https://www.slate.com
2024-06-13 12:21:42,431 Scraping content from https://www.newyorker.com
2024-06-13 12:21:45,511 Scraping content from https://www.theatlantic.com
2024-06-13 12:21:48,393 Scraping content from https://www.newscientist.com
2024-06-13 12:21:51,549 Scraping content from https://www.popularmechanics.com
2024-06-13 12:21:54,480 Scraping content from https://www.popularscience.com
2024-06-13 12:21:58,246 Scraping content from https://www.discovery.com
2024-06-13 12:21:58,873 Error scraping https://www.discovery.com: 403 Client Error: Forbidden for url: https://www.discovery.com/
2024-06-13 12:22:00,876 Scraping content from https://www.history.com
2024-06-13 12:22:03,778 Scraping content from https://www.biography.com
2024-06-13 12:22:06,722 Scraping content from https://www.britannica.com
2024-06-13 12:22:09,533 Scraping content from https://www.theverge.com
2024-06-13 12:22:13,174 Scraping content from https://www.engadget.com
2024-06-13 12:22:16,617 Scraping content from https://www.cnet.com
2024-06-13 12:22:20,943 Scraping content from https://www.gizmodo.com
2024-06-13 12:22:25,407 Scraping content from https://www.androidauthority.com
2024-06-13 12:22:28,457 Scraping content from https://www.macrumors.com
2024-06-13 12:22:31,382 Scraping content from https://www.imore.com
2024-06-13 12:22:34,518 Scraping content from https://www.ign.com
2024-06-13 12:22:37,429 Scraping content from https://www.gamespot.com
2024-06-13 12:22:41,429 Scraping content from https://www.polygon.com
2024-06-13 12:22:45,356 Scraping content from https://www.kotaku.com
2024-06-13 12:22:48,996 Scraping content from https://www.rottentomatoes.com
2024-06-13 12:22:51,848 Scraping content from https://www.metacritic.com
2024-06-13 12:22:54,738 Scraping content from https://www.imdb.com
2024-06-13 12:22:58,377 Scraping content from https://www.boxofficemojo.com
2024-06-13 12:23:01,289 Scraping content from https://www.goodreads.com
2024-06-13 12:23:04,212 Scraping content from https://www.bookriot.com
2024-06-13 12:23:07,671 Scraping content from https://www.sparknotes.com
2024-06-13 12:25:28,492 Scraping content from https://www.nytimes.com
2024-06-13 12:25:31,549 Scraping content from https://www.bbc.com
2024-06-13 12:25:34,424 Scraping content from https://www.cnn.com
2024-06-13 12:25:37,662 Scraping content from https://www.forbes.com
2024-06-13 12:25:40,482 Scraping content from https://www.theguardian.com
2024-06-13 12:25:44,045 Scraping content from https://www.washingtonpost.com
2024-06-13 12:25:47,099 Scraping content from https://www.nationalgeographic.com
2024-06-13 12:25:49,858 Scraping content from https://www.bloomberg.com
2024-06-13 12:25:53,140 Scraping content from https://www.wsj.com
2024-06-13 12:25:53,833 Error scraping https://www.wsj.com: 401 Client Error: HTTP Forbidden for url: https://www.wsj.com/
2024-06-13 12:25:55,838 Scraping content from https://www.reuters.com
2024-06-13 12:25:56,442 Error scraping https://www.reuters.com: 401 Client Error: HTTP Forbidden for url: https://www.reuters.com/
2024-06-13 12:25:58,445 Scraping content from https://www.economist.com
2024-06-13 12:26:01,660 Scraping content from https://www.techcrunch.com
2024-06-13 12:26:05,082 Scraping content from https://www.wired.com
2024-06-13 12:26:07,955 Scraping content from https://www.businessinsider.com
2024-06-13 12:26:11,012 Scraping content from https://www.vox.com
2024-06-13 12:26:13,900 Scraping content from https://www.npr.org
2024-06-13 12:26:17,135 Scraping content from https://www.pbs.org
2024-06-13 12:26:19,793 Scraping content from https://www.smithsonianmag.com
2024-06-13 12:26:22,463 Scraping content from https://www.huffpost.com
2024-06-13 12:26:25,339 Scraping content from https://www.apnews.com
2024-06-13 12:26:28,532 Scraping content from https://www.nbcnews.com
2024-06-13 12:26:31,749 Scraping content from https://www.cbsnews.com
2024-06-13 12:26:34,815 Scraping content from https://www.abcnews.go.com
2024-06-13 12:26:38,191 Scraping content from https://www.buzzfeed.com
2024-06-13 12:26:41,251 Scraping content from https://www.medium.com
2024-06-13 12:26:44,771 Scraping content from https://www.quora.com
2024-06-13 12:26:47,544 Scraping content from https://www.stackoverflow.com
2024-06-13 12:26:51,272 Scraping content from https://www.github.com
2024-06-13 12:26:54,841 Scraping content from https://www.gitlab.com
2024-06-13 12:26:59,073 Scraping content from https://www.wikipedia.org
2024-06-13 12:27:01,821 Scraping content from https://www.instructables.com
2024-06-13 12:27:04,553 Scraping content from https://www.wikihow.com
2024-06-13 12:27:08,682 Scraping content from https://www.healthline.com
2024-06-13 12:27:11,635 Scraping content from https://www.webmd.com
2024-06-13 12:27:14,507 Scraping content from https://www.mayoclinic.org
2024-06-13 12:27:17,479 Scraping content from https://www.cdc.gov
2024-06-13 12:27:20,212 Scraping content from https://www.who.int
2024-06-13 12:27:23,069 Scraping content from https://www.nih.gov
2024-06-13 12:27:25,856 Scraping content from https://www.medicalnewstoday.com
2024-06-13 12:27:28,717 Scraping content from https://www.sciencedaily.com
2024-06-13 12:27:31,884 Scraping content from https://www.livescience.com
2024-06-13 12:27:34,894 Scraping content from https://www.scientificamerican.com
2024-06-13 12:27:37,691 Scraping content from https://www.nature.com
2024-06-13 12:27:42,156 Scraping content from https://www.pnas.org
2024-06-13 12:27:42,762 Error scraping https://www.pnas.org: 403 Client Error: Forbidden for url: https://www.pnas.org/
2024-06-13 12:27:44,766 Scraping content from https://www.jstor.org
2024-06-13 12:27:47,798 Scraping content from https://www.slate.com
2024-06-13 12:27:51,352 Scraping content from https://www.newyorker.com
2024-06-13 12:27:54,416 Scraping content from https://www.theatlantic.com
2024-06-13 12:27:57,230 Scraping content from https://www.newscientist.com
2024-06-13 12:28:12,462 Scraping content from https://www.nytimes.com
2024-06-13 12:28:14,476 Scraping content from https://www.bbc.com
2024-06-13 12:28:16,292 Scraping content from https://www.cnn.com
2024-06-13 12:28:18,462 Scraping content from https://www.forbes.com
2024-06-13 12:28:20,327 Scraping content from https://www.theguardian.com
2024-06-13 12:28:22,985 Scraping content from https://www.washingtonpost.com
2024-06-13 12:28:24,999 Scraping content from https://www.nationalgeographic.com
2024-06-13 12:28:26,777 Scraping content from https://www.bloomberg.com
2024-06-13 12:28:29,066 Scraping content from https://www.wsj.com
2024-06-13 12:28:29,672 Error scraping https://www.wsj.com: 401 Client Error: HTTP Forbidden for url: https://www.wsj.com/
2024-06-13 12:28:30,681 Scraping content from https://www.reuters.com
2024-06-13 12:28:31,342 Error scraping https://www.reuters.com: 401 Client Error: HTTP Forbidden for url: https://www.reuters.com/
2024-06-13 12:28:32,351 Scraping content from https://www.economist.com
2024-06-13 12:28:34,662 Scraping content from https://www.techcrunch.com
2024-06-13 12:28:37,394 Scraping content from https://www.wired.com
